<?xml version="1.0" encoding="UTF-8"?>
<testng-results ignored="0" total="15" passed="14" failed="1" skipped="0">
  <reporter-output>
  </reporter-output>
  <suite started-at="2024-01-10T23:51:59 IST" name="Suite" finished-at="2024-01-10T23:56:14 IST" duration-ms="255434">
    <groups>
    </groups>
    <test started-at="2024-01-10T23:51:59 IST" name="Test" finished-at="2024-01-10T23:56:14 IST" duration-ms="255434">
      <class name="Testcases.Tc_04_Loginpage_email">
        <test-method is-config="true" signature="startup()[pri:0, instance:Testcases.Tc_04_Loginpage_email@302c971f]" started-at="2024-01-10T23:53:27 IST" name="startup" finished-at="2024-01-10T23:53:35 IST" duration-ms="8126" status="PASS">
          <reporter-output>
          </reporter-output>
        </test-method> <!-- startup -->
        <test-method signature="Login_using_email()[pri:4, instance:Testcases.Tc_04_Loginpage_email@302c971f]" started-at="2024-01-10T23:53:35 IST" name="Login_using_email" finished-at="2024-01-10T23:53:41 IST" duration-ms="6110" status="PASS">
          <reporter-output>
          </reporter-output>
        </test-method> <!-- Login_using_email -->
        <test-method is-config="true" signature="close()[pri:0, instance:Testcases.Tc_04_Loginpage_email@302c971f]" started-at="2024-01-10T23:53:42 IST" name="close" finished-at="2024-01-10T23:53:42 IST" duration-ms="147" status="PASS">
          <reporter-output>
          </reporter-output>
        </test-method> <!-- close -->
      </class> <!-- Testcases.Tc_04_Loginpage_email -->
      <class name="Testcases.Tc_05_Search_Flightpage">
        <test-method is-config="true" signature="startup()[pri:0, instance:Testcases.Tc_05_Search_Flightpage@61c4eee0]" started-at="2024-01-10T23:55:23 IST" name="startup" finished-at="2024-01-10T23:55:31 IST" duration-ms="7575" status="PASS">
          <reporter-output>
          </reporter-output>
        </test-method> <!-- startup -->
        <test-method signature="oneway_trip()[pri:5, instance:Testcases.Tc_05_Search_Flightpage@61c4eee0]" started-at="2024-01-10T23:55:31 IST" name="oneway_trip" finished-at="2024-01-10T23:55:34 IST" duration-ms="3486" status="PASS">
          <reporter-output>
          </reporter-output>
        </test-method> <!-- oneway_trip -->
        <test-method is-config="true" signature="close()[pri:0, instance:Testcases.Tc_05_Search_Flightpage@61c4eee0]" started-at="2024-01-10T23:55:35 IST" name="close" finished-at="2024-01-10T23:55:35 IST" duration-ms="180" status="PASS">
          <reporter-output>
          </reporter-output>
        </test-method> <!-- close -->
        <test-method is-config="true" signature="startup()[pri:0, instance:Testcases.Tc_05_Search_Flightpage@61c4eee0]" started-at="2024-01-10T23:55:35 IST" name="startup" finished-at="2024-01-10T23:55:43 IST" duration-ms="7717" status="PASS">
          <reporter-output>
          </reporter-output>
        </test-method> <!-- startup -->
        <test-method signature="round_trip()[pri:6, instance:Testcases.Tc_05_Search_Flightpage@61c4eee0]" started-at="2024-01-10T23:55:43 IST" name="round_trip" finished-at="2024-01-10T23:55:46 IST" duration-ms="3270" status="PASS">
          <reporter-output>
          </reporter-output>
        </test-method> <!-- round_trip -->
        <test-method is-config="true" signature="close()[pri:0, instance:Testcases.Tc_05_Search_Flightpage@61c4eee0]" started-at="2024-01-10T23:55:46 IST" name="close" finished-at="2024-01-10T23:55:47 IST" duration-ms="164" status="PASS">
          <reporter-output>
          </reporter-output>
        </test-method> <!-- close -->
      </class> <!-- Testcases.Tc_05_Search_Flightpage -->
      <class name="Testcases.Tc_02_Signuppage">
        <test-method is-config="true" signature="setup()[pri:0, instance:Testcases.Tc_02_Signuppage@305ffe9e]" started-at="2024-01-10T23:51:59 IST" name="setup" finished-at="2024-01-10T23:51:59 IST" duration-ms="17" status="PASS">
          <reporter-output>
          </reporter-output>
        </test-method> <!-- setup -->
        <test-method is-config="true" signature="startup()[pri:0, instance:Testcases.Tc_02_Signuppage@305ffe9e]" started-at="2024-01-10T23:52:59 IST" name="startup" finished-at="2024-01-10T23:53:07 IST" duration-ms="7626" status="PASS">
          <reporter-output>
          </reporter-output>
        </test-method> <!-- startup -->
        <test-method signature="Signup(java.lang.String,java.lang.String,java.lang.String,java.lang.String,java.lang.String,java.lang.String,java.lang.String,java.lang.String,java.lang.String)[pri:2, instance:Testcases.Tc_02_Signuppage@305ffe9e]" started-at="2024-01-10T23:53:07 IST" name="Signup" data-provider="Testdata" finished-at="2024-01-10T23:53:26 IST" duration-ms="19770" status="FAIL">
          <params>
            <param index="0">
              <value>
                <![CDATA[Mr]]>
              </value>
            </param>
            <param index="1">
              <value>
                <![CDATA[Testing]]>
              </value>
            </param>
            <param index="2">
              <value>
                <![CDATA[Test]]>
              </value>
            </param>
            <param index="3">
              <value>
                <![CDATA[India]]>
              </value>
            </param>
            <param index="4">
              <value>
                <![CDATA[03-02-2000]]>
              </value>
            </param>
            <param index="5">
              <value>
                <![CDATA[8072231830]]>
              </value>
            </param>
            <param index="6">
              <value>
                <![CDATA[dummytesting23541@gmail.com]]>
              </value>
            </param>
            <param index="7">
              <value>
                <![CDATA[Test@1234]]>
              </value>
            </param>
            <param index="8">
              <value>
                <![CDATA[Test@1234]]>
              </value>
            </param>
          </params>
          <exception class="org.openqa.selenium.interactions.MoveTargetOutOfBoundsException">
            <message>
              <![CDATA[move target out of bounds
  (Session info: chrome=120.0.6099.216)
Build info: version: '4.16.1', revision: '9b4c83354e'
System info: os.name: 'Windows 11', os.arch: 'amd64', os.version: '10.0', java.version: '17.0.9'
Driver info: org.openqa.selenium.chrome.ChromeDriver
Command: [a4cb0d444d971c049ef109924dfb0514, actions {actions=[org.openqa.selenium.interactions.Sequence@6c538eb2]}]
Capabilities {acceptInsecureCerts: false, browserName: chrome, browserVersion: 120.0.6099.216, chrome: {chromedriverVersion: 120.0.6099.109 (3419140ab66..., userDataDir: C:\Users\karth\AppData\Loca...}, fedcm:accounts: true, goog:chromeOptions: {debuggerAddress: localhost:59358}, networkConnectionEnabled: false, pageLoadStrategy: normal, platformName: windows, proxy: Proxy(), se:cdp: ws://localhost:59358/devtoo..., se:cdpVersion: 120.0.6099.216, setWindowRect: true, strictFileInteractability: false, timeouts: {implicit: 0, pageLoad: 300000, script: 30000}, unhandledPromptBehavior: dismiss and notify, webauthn:extension:credBlob: true, webauthn:extension:largeBlob: true, webauthn:extension:minPinLength: true, webauthn:extension:prf: true, webauthn:virtualAuthenticators: true}
Session ID: a4cb0d444d971c049ef109924dfb0514]]>
            </message>
            <full-stacktrace>
              <![CDATA[org.openqa.selenium.interactions.MoveTargetOutOfBoundsException: move target out of bounds
  (Session info: chrome=120.0.6099.216)
Build info: version: '4.16.1', revision: '9b4c83354e'
System info: os.name: 'Windows 11', os.arch: 'amd64', os.version: '10.0', java.version: '17.0.9'
Driver info: org.openqa.selenium.chrome.ChromeDriver
Command: [a4cb0d444d971c049ef109924dfb0514, actions {actions=[org.openqa.selenium.interactions.Sequence@6c538eb2]}]
Capabilities {acceptInsecureCerts: false, browserName: chrome, browserVersion: 120.0.6099.216, chrome: {chromedriverVersion: 120.0.6099.109 (3419140ab66..., userDataDir: C:\Users\karth\AppData\Loca...}, fedcm:accounts: true, goog:chromeOptions: {debuggerAddress: localhost:59358}, networkConnectionEnabled: false, pageLoadStrategy: normal, platformName: windows, proxy: Proxy(), se:cdp: ws://localhost:59358/devtoo..., se:cdpVersion: 120.0.6099.216, setWindowRect: true, strictFileInteractability: false, timeouts: {implicit: 0, pageLoad: 300000, script: 30000}, unhandledPromptBehavior: dismiss and notify, webauthn:extension:credBlob: true, webauthn:extension:largeBlob: true, webauthn:extension:minPinLength: true, webauthn:extension:prf: true, webauthn:virtualAuthenticators: true}
Session ID: a4cb0d444d971c049ef109924dfb0514
at java.base/jdk.internal.reflect.NativeConstructorAccessorImpl.newInstance0(Native Method)
at java.base/jdk.internal.reflect.NativeConstructorAccessorImpl.newInstance(NativeConstructorAccessorImpl.java:77)
at java.base/jdk.internal.reflect.DelegatingConstructorAccessorImpl.newInstance(DelegatingConstructorAccessorImpl.java:45)
at java.base/java.lang.reflect.Constructor.newInstanceWithCaller(Constructor.java:499)
at java.base/java.lang.reflect.Constructor.newInstance(Constructor.java:480)
at org.openqa.selenium.remote.codec.w3c.W3CHttpResponseCodec.createException(W3CHttpResponseCodec.java:200)
at org.openqa.selenium.remote.codec.w3c.W3CHttpResponseCodec.decode(W3CHttpResponseCodec.java:133)
at org.openqa.selenium.remote.codec.w3c.W3CHttpResponseCodec.decode(W3CHttpResponseCodec.java:52)
at org.openqa.selenium.remote.HttpCommandExecutor.execute(HttpCommandExecutor.java:191)
at org.openqa.selenium.remote.service.DriverCommandExecutor.invokeExecute(DriverCommandExecutor.java:200)
at org.openqa.selenium.remote.service.DriverCommandExecutor.execute(DriverCommandExecutor.java:175)
at org.openqa.selenium.remote.RemoteWebDriver.execute(RemoteWebDriver.java:523)
at org.openqa.selenium.remote.RemoteWebDriver.perform(RemoteWebDriver.java:609)
at org.openqa.selenium.interactions.Actions$BuiltAction.perform(Actions.java:598)
at org.openqa.selenium.interactions.Actions.perform(Actions.java:567)
at Utilities.Utility.mouseclick(Utility.java:151)
at PageObject.Signuppage.submtbtn(Signuppage.java:104)
at Testcases.Tc_02_Signuppage.Signup(Tc_02_Signuppage.java:37)
at java.base/jdk.internal.reflect.NativeMethodAccessorImpl.invoke0(Native Method)
at java.base/jdk.internal.reflect.NativeMethodAccessorImpl.invoke(NativeMethodAccessorImpl.java:77)
at java.base/jdk.internal.reflect.DelegatingMethodAccessorImpl.invoke(DelegatingMethodAccessorImpl.java:43)
at java.base/java.lang.reflect.Method.invoke(Method.java:568)
at org.testng.internal.invokers.MethodInvocationHelper.invokeMethod(MethodInvocationHelper.java:139)
at org.testng.internal.invokers.TestInvoker.invokeMethod(TestInvoker.java:664)
at org.testng.internal.invokers.TestInvoker.invokeTestMethod(TestInvoker.java:227)
at org.testng.internal.invokers.MethodRunner.runInSequence(MethodRunner.java:50)
at org.testng.internal.invokers.TestInvoker$MethodInvocationAgent.invoke(TestInvoker.java:957)
at org.testng.internal.invokers.TestInvoker.invokeTestMethods(TestInvoker.java:200)
at org.testng.internal.invokers.TestMethodWorker.invokeTestMethods(TestMethodWorker.java:148)
at org.testng.internal.invokers.TestMethodWorker.run(TestMethodWorker.java:128)
at java.base/java.util.ArrayList.forEach(ArrayList.java:1511)
at org.testng.TestRunner.privateRun(TestRunner.java:848)
at org.testng.TestRunner.run(TestRunner.java:621)
at org.testng.SuiteRunner.runTest(SuiteRunner.java:443)
at org.testng.SuiteRunner.runSequentially(SuiteRunner.java:437)
at org.testng.SuiteRunner.privateRun(SuiteRunner.java:397)
at org.testng.SuiteRunner.run(SuiteRunner.java:336)
at org.testng.SuiteRunnerWorker.runSuite(SuiteRunnerWorker.java:52)
at org.testng.SuiteRunnerWorker.run(SuiteRunnerWorker.java:95)
at org.testng.TestNG.runSuitesSequentially(TestNG.java:1280)
at org.testng.TestNG.runSuitesLocally(TestNG.java:1200)
at org.testng.TestNG.runSuites(TestNG.java:1114)
at org.testng.TestNG.run(TestNG.java:1082)
at org.apache.maven.surefire.testng.TestNGExecutor.run(TestNGExecutor.java:284)
at org.apache.maven.surefire.testng.TestNGXmlTestSuite.execute(TestNGXmlTestSuite.java:75)
at org.apache.maven.surefire.testng.TestNGProvider.invoke(TestNGProvider.java:119)
at org.apache.maven.surefire.booter.ForkedBooter.runSuitesInProcess(ForkedBooter.java:428)
at org.apache.maven.surefire.booter.ForkedBooter.execute(ForkedBooter.java:162)
at org.apache.maven.surefire.booter.ForkedBooter.run(ForkedBooter.java:562)
at org.apache.maven.surefire.booter.ForkedBooter.main(ForkedBooter.java:548)
]]>
            </full-stacktrace>
          </exception> <!-- org.openqa.selenium.interactions.MoveTargetOutOfBoundsException -->
          <reporter-output>
          </reporter-output>
        </test-method> <!-- Signup -->
        <test-method is-config="true" signature="close()[pri:0, instance:Testcases.Tc_02_Signuppage@305ffe9e]" started-at="2024-01-10T23:53:27 IST" name="close" finished-at="2024-01-10T23:53:27 IST" duration-ms="220" status="PASS">
          <reporter-output>
          </reporter-output>
        </test-method> <!-- close -->
      </class> <!-- Testcases.Tc_02_Signuppage -->
      <class name="Testcases.Tc_03_Loginpage_Mobno">
        <test-method is-config="true" signature="setup()[pri:0, instance:Testcases.Tc_03_Loginpage_Mobno@609e8838]" started-at="2024-01-10T23:51:59 IST" name="setup" finished-at="2024-01-10T23:51:59 IST" duration-ms="0" status="PASS">
          <reporter-output>
          </reporter-output>
        </test-method> <!-- setup -->
        <test-method is-config="true" signature="startup()[pri:0, instance:Testcases.Tc_03_Loginpage_Mobno@609e8838]" started-at="2024-01-10T23:51:59 IST" name="startup" finished-at="2024-01-10T23:52:08 IST" duration-ms="8920" status="PASS">
          <reporter-output>
          </reporter-output>
        </test-method> <!-- startup -->
        <test-method signature="Login_using_mobile(java.lang.String,java.lang.String)[pri:3, instance:Testcases.Tc_03_Loginpage_Mobno@609e8838]" started-at="2024-01-10T23:52:08 IST" name="Login_using_mobile" data-provider="Testdata" finished-at="2024-01-10T23:52:14 IST" duration-ms="5803" status="PASS">
          <params>
            <param index="0">
              <value>
                <![CDATA[8.07223183E9]]>
              </value>
            </param>
            <param index="1">
              <value>
                <![CDATA[`]]>
              </value>
            </param>
          </params>
          <reporter-output>
          </reporter-output>
        </test-method> <!-- Login_using_mobile -->
        <test-method is-config="true" signature="close()[pri:0, instance:Testcases.Tc_03_Loginpage_Mobno@609e8838]" started-at="2024-01-10T23:52:14 IST" name="close" finished-at="2024-01-10T23:52:15 IST" duration-ms="183" status="PASS">
          <reporter-output>
          </reporter-output>
        </test-method> <!-- close -->
        <test-method is-config="true" signature="startup()[pri:0, instance:Testcases.Tc_03_Loginpage_Mobno@609e8838]" started-at="2024-01-10T23:52:15 IST" name="startup" finished-at="2024-01-10T23:52:22 IST" duration-ms="7834" status="PASS">
          <reporter-output>
          </reporter-output>
        </test-method> <!-- startup -->
        <test-method signature="Login_using_mobile(java.lang.String,java.lang.String)[pri:3, instance:Testcases.Tc_03_Loginpage_Mobno@609e8838]" started-at="2024-01-10T23:52:22 IST" name="Login_using_mobile" data-provider="Testdata" finished-at="2024-01-10T23:52:28 IST" duration-ms="5751" status="PASS">
          <params>
            <param index="0">
              <value>
                <![CDATA[`]]>
              </value>
            </param>
            <param index="1">
              <value>
                <![CDATA[Test@1234]]>
              </value>
            </param>
          </params>
          <reporter-output>
          </reporter-output>
        </test-method> <!-- Login_using_mobile -->
        <test-method is-config="true" signature="close()[pri:0, instance:Testcases.Tc_03_Loginpage_Mobno@609e8838]" started-at="2024-01-10T23:52:29 IST" name="close" finished-at="2024-01-10T23:52:29 IST" duration-ms="164" status="PASS">
          <reporter-output>
          </reporter-output>
        </test-method> <!-- close -->
        <test-method is-config="true" signature="startup()[pri:0, instance:Testcases.Tc_03_Loginpage_Mobno@609e8838]" started-at="2024-01-10T23:52:29 IST" name="startup" finished-at="2024-01-10T23:52:37 IST" duration-ms="7824" status="PASS">
          <reporter-output>
          </reporter-output>
        </test-method> <!-- startup -->
        <test-method signature="Login_using_mobile(java.lang.String,java.lang.String)[pri:3, instance:Testcases.Tc_03_Loginpage_Mobno@609e8838]" started-at="2024-01-10T23:52:37 IST" name="Login_using_mobile" data-provider="Testdata" finished-at="2024-01-10T23:52:42 IST" duration-ms="5730" status="PASS">
          <params>
            <param index="0">
              <value>
                <![CDATA[8.07223183E8]]>
              </value>
            </param>
            <param index="1">
              <value>
                <![CDATA[Test@12]]>
              </value>
            </param>
          </params>
          <reporter-output>
          </reporter-output>
        </test-method> <!-- Login_using_mobile -->
        <test-method is-config="true" signature="close()[pri:0, instance:Testcases.Tc_03_Loginpage_Mobno@609e8838]" started-at="2024-01-10T23:52:43 IST" name="close" finished-at="2024-01-10T23:52:43 IST" duration-ms="154" status="PASS">
          <reporter-output>
          </reporter-output>
        </test-method> <!-- close -->
        <test-method is-config="true" signature="startup()[pri:0, instance:Testcases.Tc_03_Loginpage_Mobno@609e8838]" started-at="2024-01-10T23:52:43 IST" name="startup" finished-at="2024-01-10T23:52:45 IST" duration-ms="1868" status="PASS">
          <reporter-output>
          </reporter-output>
        </test-method> <!-- startup -->
        <test-method signature="Login_using_mobile(java.lang.String,java.lang.String)[pri:3, instance:Testcases.Tc_03_Loginpage_Mobno@609e8838]" started-at="2024-01-10T23:52:45 IST" name="Login_using_mobile" data-provider="Testdata" finished-at="2024-01-10T23:52:58 IST" duration-ms="13735" status="PASS">
          <params>
            <param index="0">
              <value>
                <![CDATA[8.07223183E9]]>
              </value>
            </param>
            <param index="1">
              <value>
                <![CDATA[Test@1234]]>
              </value>
            </param>
          </params>
          <reporter-output>
          </reporter-output>
        </test-method> <!-- Login_using_mobile -->
        <test-method is-config="true" signature="close()[pri:0, instance:Testcases.Tc_03_Loginpage_Mobno@609e8838]" started-at="2024-01-10T23:52:59 IST" name="close" finished-at="2024-01-10T23:52:59 IST" duration-ms="137" status="PASS">
          <reporter-output>
          </reporter-output>
        </test-method> <!-- close -->
      </class> <!-- Testcases.Tc_03_Loginpage_Mobno -->
      <class name="Testcases.Tc_07_Bookingformpage">
        <test-method is-config="true" signature="startup()[pri:0, instance:Testcases.Tc_07_Bookingformpage@7ae0a9ec]" started-at="2024-01-10T23:54:11 IST" name="startup" finished-at="2024-01-10T23:54:20 IST" duration-ms="8675" status="PASS">
          <reporter-output>
          </reporter-output>
        </test-method> <!-- startup -->
        <test-method signature="Bookingpage()[pri:8, instance:Testcases.Tc_07_Bookingformpage@7ae0a9ec]" started-at="2024-01-10T23:54:20 IST" name="Bookingpage" finished-at="2024-01-10T23:54:54 IST" duration-ms="33938" status="PASS">
          <reporter-output>
          </reporter-output>
        </test-method> <!-- Bookingpage -->
        <test-method is-config="true" signature="close()[pri:0, instance:Testcases.Tc_07_Bookingformpage@7ae0a9ec]" started-at="2024-01-10T23:54:54 IST" name="close" finished-at="2024-01-10T23:54:54 IST" duration-ms="174" status="PASS">
          <reporter-output>
          </reporter-output>
        </test-method> <!-- close -->
      </class> <!-- Testcases.Tc_07_Bookingformpage -->
      <class name="Testcases.Tc_06_Select_Flightpage">
        <test-method is-config="true" signature="startup()[pri:0, instance:Testcases.Tc_06_Select_Flightpage@6f10d5b6]" started-at="2024-01-10T23:55:47 IST" name="startup" finished-at="2024-01-10T23:55:54 IST" duration-ms="7297" status="PASS">
          <reporter-output>
          </reporter-output>
        </test-method> <!-- startup -->
        <test-method signature="SelectFlight()[pri:7, instance:Testcases.Tc_06_Select_Flightpage@6f10d5b6]" started-at="2024-01-10T23:55:54 IST" name="SelectFlight" finished-at="2024-01-10T23:56:06 IST" duration-ms="11878" status="PASS">
          <reporter-output>
          </reporter-output>
        </test-method> <!-- SelectFlight -->
        <test-method is-config="true" signature="close()[pri:0, instance:Testcases.Tc_06_Select_Flightpage@6f10d5b6]" started-at="2024-01-10T23:56:06 IST" name="close" finished-at="2024-01-10T23:56:06 IST" duration-ms="200" status="PASS">
          <reporter-output>
          </reporter-output>
        </test-method> <!-- close -->
      </class> <!-- Testcases.Tc_06_Select_Flightpage -->
      <class name="Testcases.Tc_09_Verify_menuitems">
        <test-method is-config="true" signature="startup()[pri:0, instance:Testcases.Tc_09_Verify_menuitems@1972e513]" started-at="2024-01-10T23:53:42 IST" name="startup" finished-at="2024-01-10T23:53:52 IST" duration-ms="10166" status="PASS">
          <reporter-output>
          </reporter-output>
        </test-method> <!-- startup -->
        <test-method signature="Flightstatusmenu_verify()[pri:10, instance:Testcases.Tc_09_Verify_menuitems@1972e513]" started-at="2024-01-10T23:53:52 IST" name="Flightstatusmenu_verify" finished-at="2024-01-10T23:53:52 IST" duration-ms="53" status="PASS">
          <reporter-output>
          </reporter-output>
        </test-method> <!-- Flightstatusmenu_verify -->
        <test-method is-config="true" signature="close()[pri:0, instance:Testcases.Tc_09_Verify_menuitems@1972e513]" started-at="2024-01-10T23:53:52 IST" name="close" finished-at="2024-01-10T23:53:52 IST" duration-ms="115" status="PASS">
          <reporter-output>
          </reporter-output>
        </test-method> <!-- close -->
        <test-method is-config="true" signature="startup()[pri:0, instance:Testcases.Tc_09_Verify_menuitems@1972e513]" started-at="2024-01-10T23:53:52 IST" name="startup" finished-at="2024-01-10T23:54:00 IST" duration-ms="7097" status="PASS">
          <reporter-output>
          </reporter-output>
        </test-method> <!-- startup -->
        <test-method signature="ManageBookingmenu_verify()[pri:10, instance:Testcases.Tc_09_Verify_menuitems@1972e513]" started-at="2024-01-10T23:54:00 IST" name="ManageBookingmenu_verify" finished-at="2024-01-10T23:54:00 IST" duration-ms="50" status="PASS">
          <reporter-output>
          </reporter-output>
        </test-method> <!-- ManageBookingmenu_verify -->
        <test-method is-config="true" signature="close()[pri:0, instance:Testcases.Tc_09_Verify_menuitems@1972e513]" started-at="2024-01-10T23:54:00 IST" name="close" finished-at="2024-01-10T23:54:00 IST" duration-ms="192" status="PASS">
          <reporter-output>
          </reporter-output>
        </test-method> <!-- close -->
        <test-method is-config="true" signature="startup()[pri:0, instance:Testcases.Tc_09_Verify_menuitems@1972e513]" started-at="2024-01-10T23:54:00 IST" name="startup" finished-at="2024-01-10T23:54:10 IST" duration-ms="9888" status="PASS">
          <reporter-output>
          </reporter-output>
        </test-method> <!-- startup -->
        <test-method signature="checkinmenu_verify()[pri:10, instance:Testcases.Tc_09_Verify_menuitems@1972e513]" started-at="2024-01-10T23:54:10 IST" name="checkinmenu_verify" finished-at="2024-01-10T23:54:10 IST" duration-ms="43" status="PASS">
          <reporter-output>
          </reporter-output>
        </test-method> <!-- checkinmenu_verify -->
        <test-method is-config="true" signature="close()[pri:0, instance:Testcases.Tc_09_Verify_menuitems@1972e513]" started-at="2024-01-10T23:54:11 IST" name="close" finished-at="2024-01-10T23:54:11 IST" duration-ms="190" status="PASS">
          <reporter-output>
          </reporter-output>
        </test-method> <!-- close -->
      </class> <!-- Testcases.Tc_09_Verify_menuitems -->
      <class name="Testcases.Tc_08_Paymentpage">
        <test-method is-config="true" signature="startup()[pri:0, instance:Testcases.Tc_08_Paymentpage@35841320]" started-at="2024-01-10T23:54:54 IST" name="startup" finished-at="2024-01-10T23:55:01 IST" duration-ms="7034" status="PASS">
          <reporter-output>
          </reporter-output>
        </test-method> <!-- startup -->
        <test-method signature="Paymentpage()[pri:9, instance:Testcases.Tc_08_Paymentpage@35841320]" started-at="2024-01-10T23:55:01 IST" name="Paymentpage" finished-at="2024-01-10T23:55:21 IST" duration-ms="20191" status="PASS">
          <reporter-output>
          </reporter-output>
        </test-method> <!-- Paymentpage -->
        <test-method is-config="true" signature="close()[pri:0, instance:Testcases.Tc_08_Paymentpage@35841320]" started-at="2024-01-10T23:55:23 IST" name="close" finished-at="2024-01-10T23:55:23 IST" duration-ms="163" status="PASS">
          <reporter-output>
          </reporter-output>
        </test-method> <!-- close -->
      </class> <!-- Testcases.Tc_08_Paymentpage -->
      <class name="Testcases.Tc_01_Navigate_to_Homepage">
        <test-method is-config="true" signature="startup()[pri:0, instance:Testcases.Tc_01_Navigate_to_Homepage@1040be71]" started-at="2024-01-10T23:56:06 IST" name="startup" finished-at="2024-01-10T23:56:13 IST" duration-ms="7015" status="PASS">
          <reporter-output>
          </reporter-output>
        </test-method> <!-- startup -->
        <test-method signature="Homepgae_verify()[pri:1, instance:Testcases.Tc_01_Navigate_to_Homepage@1040be71]" started-at="2024-01-10T23:56:13 IST" name="Homepgae_verify" finished-at="2024-01-10T23:56:13 IST" duration-ms="28" status="PASS">
          <reporter-output>
          </reporter-output>
        </test-method> <!-- Homepgae_verify -->
        <test-method is-config="true" signature="close()[pri:0, instance:Testcases.Tc_01_Navigate_to_Homepage@1040be71]" started-at="2024-01-10T23:56:14 IST" name="close" finished-at="2024-01-10T23:56:14 IST" duration-ms="133" status="PASS">
          <reporter-output>
          </reporter-output>
        </test-method> <!-- close -->
      </class> <!-- Testcases.Tc_01_Navigate_to_Homepage -->
    </test> <!-- Test -->
  </suite> <!-- Suite -->
</testng-results>
